<?xml version="1.0" encoding="UTF-8"?>
<!-- Generated by org.testng.reporters.JUnitReportReporter -->
<testsuite hostname="DESKTOP-H21MM63" name="Cucumber.Anand.SeleniumTest" tests="2" failures="0" timestamp="9 Nov 2019 01:42:08 GMT" time="0.004" errors="0">
  <testcase name="elementsUi" time="0.000" classname="Cucumber.Anand.SeleniumTest"/>
  <testcase name="BrowserAUtomation" time="0.004" classname="Cucumber.Anand.SeleniumTest"/>
</testsuite> <!-- Cucumber.Anand.SeleniumTest -->
